<?xml version="1.0" encoding="UTF-8"?>
<!-- Generated by org.testng.reporters.JUnitReportReporter -->
<testsuite hostname="Bhargava" failures="0" tests="1" name="testRunner.TestRunner" time="11.895" errors="0" timestamp="2024-01-28T13:16:13 IST" skipped="0">
  <testcase classname="testRunner.TestRunner" name="runScenario" time="11.895"/>
</testsuite> <!-- testRunner.TestRunner -->
