<?xml version="1.0" encoding="UTF-8"?>
<!-- Generated by org.testng.reporters.JUnitReportReporter -->
<testsuite hostname="Bhargava" failures="0" tests="3" name="testRunner.TestRunner" time="11.725" errors="0"
           timestamp="2024-01-28T19:40:32 IST" skipped="0">
    <testcase classname="testRunner.TestRunner" name="runScenario" time="0.051"/>
    <testcase classname="testRunner.TestRunner" name="runScenario" time="6.045"/>
    <testcase classname="testRunner.TestRunner" name="runScenario" time="5.629"/>
</testsuite> <!-- testRunner.TestRunner -->