<?xml version="1.0" encoding="UTF-8"?>
<!-- Generated by org.testng.reporters.JUnitReportReporter -->
<testsuite hostname="Bhargava" failures="0" tests="3" name="testRunner.TestRunner" time="23.639" errors="0" timestamp="2024-01-28T15:22:33 IST" skipped="0">
  <testcase classname="testRunner.TestRunner" name="runScenario" time="0.054"/>
  <testcase classname="testRunner.TestRunner" name="runScenario" time="12.332"/>
  <testcase classname="testRunner.TestRunner" name="runScenario" time="11.253"/>
</testsuite> <!-- testRunner.TestRunner -->
